\BOOKMARK [0][-]{chapter.1}{Introducci\363n}{}% 1
\BOOKMARK [0][-]{chapter.2}{Un titulo inesperado}{}% 2
\BOOKMARK [1][-]{section.2.1}{Primer apartado}{chapter.2}% 3
\BOOKMARK [2][-]{subsection.2.1.1}{Un subtitulo interesante}{section.2.1}% 4
\BOOKMARK [1][-]{section.2.2}{Segundo apartado}{chapter.2}% 5
\BOOKMARK [2][-]{subsection.2.2.1}{Esto es sorprendente}{section.2.2}% 6
\BOOKMARK [1][-]{section.2.3}{Tercer apartado}{chapter.2}% 7
\BOOKMARK [2][-]{subsection.2.3.1}{Esto es sorprendente}{section.2.3}% 8
\BOOKMARK [0][-]{chapter.3}{Otro t\355tulo no esperado}{}% 9
\BOOKMARK [1][-]{section.3.1}{Primer apartado}{chapter.3}% 10
\BOOKMARK [2][-]{subsection.3.1.1}{Un subtitulo interesante}{section.3.1}% 11
\BOOKMARK [1][-]{section.3.2}{Segundo apartado}{chapter.3}% 12
\BOOKMARK [2][-]{subsection.3.2.1}{Esto es sorprendente}{section.3.2}% 13
\BOOKMARK [1][-]{section.3.3}{Tercer apartado}{chapter.3}% 14
\BOOKMARK [2][-]{subsection.3.3.1}{Esto es sorprendente}{section.3.3}% 15
\BOOKMARK [0][-]{chapter.4}{Un capitulo especial}{}% 16
\BOOKMARK [1][-]{section.4.1}{Primer apartado}{chapter.4}% 17
\BOOKMARK [2][-]{subsection.4.1.1}{Un subtitulo interesante}{section.4.1}% 18
\BOOKMARK [1][-]{section.4.2}{Segundo apartado}{chapter.4}% 19
\BOOKMARK [2][-]{subsection.4.2.1}{Esto es sorprendente}{section.4.2}% 20
\BOOKMARK [1][-]{section.4.3}{Tercer apartado}{chapter.4}% 21
\BOOKMARK [2][-]{subsection.4.3.1}{Esto es sorprendente}{section.4.3}% 22
\BOOKMARK [0][-]{chapter*.8}{Referencias}{}% 23
